(---------------------------------------------------------------------)
(                                                                     )
(    Allegro Netrev Import Logic                                      )
(                                                                     )
(    Drawing          : proiect tcad.brd                              )
(    Software Version : 24.1P001                                      )
(    Date/Time        : Thu Jan  2 16:19:07 2025                      )
(                                                                     )
(---------------------------------------------------------------------)


------ Directives ------------

Ripup etch:                  No
Ripup delete first segment:  No
Ripup retain bondwire:       No
Ripup symbols:               Always
Missing symbol has error:    No
DRC update:                  Yes
Schematic directory:         'c:\users\grecu\desktop\facultate\tcad\tcad-laboratoare\tcad lab\proiect tcad\allegro'
Design Directory:            'C:/Users/grecu/Desktop/Facultate/TCAD/TCAD-laboratoare/TCAD Lab/proiect tcad/allegro'
Old design name:             'c:/users/grecu/desktop/facultate/tcad/tcad-laboratoare/tcad lab/proiect tcad/allegro/proiect tcad.brd'
New design name:             'C:/Users/grecu/Desktop/Facultate/TCAD/TCAD-laboratoare/TCAD Lab/proiect tcad/allegro/PROIECT TCAD.brd'

CmdLine: netrev.exe -y 1 -i c:\users\grecu\desktop\facultate\tcad\tcad-laboratoare\tcad lab\proiect tcad\allegro c:\users\grecu\desktop\facultate\tcad\tcad-laboratoare\tcad lab\proiect tcad\allegro\proiect tcad.brd C:/Users/grecu/Desktop/Facultate/TCAD/TCAD-laboratoare/TCAD Lab/proiect tcad/allegro/PROIECT TCAD.brd

------ Preparing to read pst files ------

Starting to read c:/users/grecu/desktop/facultate/tcad/tcad-laboratoare/tcad lab/proiect tcad/allegro/pstchip.dat 
   Finished reading c:/users/grecu/desktop/facultate/tcad/tcad-laboratoare/tcad lab/proiect tcad/allegro/pstchip.dat (00:00:00.04)
Starting to read c:/users/grecu/desktop/facultate/tcad/tcad-laboratoare/tcad lab/proiect tcad/allegro/pstxprt.dat 
   Finished reading c:/users/grecu/desktop/facultate/tcad/tcad-laboratoare/tcad lab/proiect tcad/allegro/pstxprt.dat (00:00:00.00)
Starting to read c:/users/grecu/desktop/facultate/tcad/tcad-laboratoare/tcad lab/proiect tcad/allegro/pstxnet.dat 
   Finished reading c:/users/grecu/desktop/facultate/tcad/tcad-laboratoare/tcad lab/proiect tcad/allegro/pstxnet.dat (00:00:00.00)

------ Oversights/Warnings/Errors ------


------ Library Paths ------
MODULEPATH =  . 
           C:/Cadence/OrCADX_24.1/share/orApps/OrCaptureApp/../../../share/local/pcb/modules 

PSMPATH =  . 
           symbols 
           .. 
           ../symbols 
           C:/Cadence/OrCADX_24.1/share/local/pcb/symbols 
           C:/Cadence/OrCADX_24.1/share/pcb/pcb_lib/symbols 
           C:/Cadence/OrCADX_24.1/share/pcb/allegrolib/symbols 
           C:/Cadence/OrCADX_24.1/share/pcb/pcb_lib/symbols 

PADPATH =  . 
           symbols 
           .. 
           ../symbols 
           C:/Cadence/OrCADX_24.1/share/local/pcb/padstacks 
           C:/Cadence/OrCADX_24.1/share/pcb/pcb_lib/symbols 
           C:/Cadence/OrCADX_24.1/share/pcb/allegrolib/symbols 


------ Summary Statistics ------


netrev run on Jan 2 16:19:07 2025
   DESIGN NAME : 'PROIECT TCAD'
   PACKAGING ON Sep  4 2024 20:54:11

   COMPILE 'logic'
   CHECK_PIN_NAMES OFF
   CROSS_REFERENCE OFF
   FEEDBACK OFF
   INCREMENTAL OFF
   INTERFACE_TYPE PHYSICAL
   MAX_ERRORS 500
   MERGE_MINIMUM 5
   NET_NAME_CHARS '#%&()*+-./:=>?@[]^_`|'
   NET_NAME_LENGTH 24
   OVERSIGHTS ON
   REPLACE_CHECK OFF
   SINGLE_NODE_NETS ON
   SPLIT_MINIMUM 0
   SUPPRESS   20
   WARNINGS ON

 No error detected
 No oversight detected
 No warning detected

cpu time      0:01:10
elapsed time  0:00:00

